 starting wrf task           26  of           32
 starting wrf task           27  of           32
 starting wrf task            6  of           32
 starting wrf task           24  of           32
 starting wrf task           28  of           32
 starting wrf task            3  of           32
 starting wrf task            8  of           32
 starting wrf task            1  of           32
 starting wrf task           12  of           32
 starting wrf task           22  of           32
 starting wrf task           29  of           32
 starting wrf task           23  of           32
 starting wrf task           30  of           32
 starting wrf task            9  of           32
 starting wrf task           18  of           32
 starting wrf task           10  of           32
 starting wrf task           19  of           32
 starting wrf task           11  of           32
 starting wrf task           20  of           32
 starting wrf task           17  of           32
 starting wrf task            7  of           32
 starting wrf task            2  of           32
 starting wrf task           25  of           32
 starting wrf task           31  of           32
 starting wrf task            5  of           32
 starting wrf task           21  of           32
 starting wrf task           13  of           32
 starting wrf task           14  of           32
 starting wrf task           15  of           32
 starting wrf task            4  of           32
 starting wrf task           16  of           32
 starting wrf task            0  of           32
srun: Job step aborted: Waiting up to 32 seconds for job step to finish.
slurmstepd: error: *** STEP 37994307.0 ON c601 CANCELLED AT 2019-02-07T14:29:29 ***
srun: error: c601: task 0: Killed
srun: Terminating job step 37994307.0
srun: error: c653: task 1: Killed
srun: error: c801: task 12: Exited with exit code 1
srun: error: c841: task 28: Killed
srun: error: c799: task 8: Exited with exit code 1
srun: error: c798: task 7: Killed
srun: error: c822: task 25: Killed
srun: error: c818: task 24: Killed
srun: error: c663: task 2: Exited with exit code 1
srun: error: c840: task 27: Killed
srun: error: c811: task 21: Killed
srun: error: c797: task 6: Exited with exit code 1
srun: error: c783: task 5: Killed
srun: error: c862: task 31: Killed
srun: error: c812: tasks 22-23: Killed
srun: error: c800: tasks 9-11: Killed
srun: error: c839: task 26: Exited with exit code 1
srun: error: c810: tasks 17-20: Killed
srun: error: c809: tasks 13-16: Killed
srun: error: c723: task 3: Killed
srun: error: c746: task 4: Killed
srun: error: c861: tasks 29-30: Killed
